<?xml version="1.0" encoding="utf-8"?>
<TestRun id="355e0597-ba95-40d7-bf44-812c398bcd62" name="Imran@IMRANAHSAN 2024-08-29 20:03:33" runUser="IMRANAHSAN\Imran" xmlns="http://microsoft.com/schemas/VisualStudio/TeamTest/2010">
  <Times creation="2024-08-29T20:03:33.3176969+05:00" queuing="2024-08-29T20:03:33.3176969+05:00" start="2024-08-29T20:03:19.0424326+05:00" finish="2024-08-29T20:05:08.9632964+05:00" />
  <TestSettings name="default" id="5fa52ab1-5081-4256-ad43-a72195b5ac28">
    <Deployment runDeploymentRoot="Imran_IMRANAHSAN_2024-08-29_20_03_33" />
  </TestSettings>
  <Results>
    <UnitTestResult executionId="9c821f17-e6c2-4fc5-938b-e1f8b31464a7" testId="d4600ac9-842d-3d52-35d3-b12022929d2b" testName="onboardtc (Data Row 0)" computerName="IMRANAHSAN" duration="00:00:21.0199677" startTime="2024-08-29T20:03:33.3143746+05:00" endTime="2024-08-29T20:03:54.3359635+05:00" testType="13cdc9d9-ddb5-4fa4-a97d-d965ccfc6d4b" outcome="Failed" testListId="8c84fa94-04c1-424b-9868-57a2d4851a1d" relativeResultsDirectory="9c821f17-e6c2-4fc5-938b-e1f8b31464a7">
      <Output>
        <ErrorInfo>
          <Message>Test method UIUXSECOND.OnboardTC.onboardtc threw exception: &#xD;
OpenQA.Selenium.NoSuchElementException: no such element: Unable to locate element: {"method":"xpath","selector":"//select[@id='primaryCategoryId']/option[7]"}
  (Session info: chrome=128.0.6613.114); For documentation on this error, please visit: https://www.selenium.dev/documentation/webdriver/troubleshooting/errors#no-such-element-exception</Message>
          <StackTrace>    at OpenQA.Selenium.WebDriver.UnpackAndThrowOnError(Response errorResponse, String commandToExecute)&#xD;
   at OpenQA.Selenium.WebDriver.Execute(String driverCommandToExecute, Dictionary`2 parameters)&#xD;
   at OpenQA.Selenium.WebDriver.FindElement(String mechanism, String value)&#xD;
   at UIUXSECOND.BasePage.cle(By by) in C:\Users\Imran\source\repos\UIUXSECOND\UIUXSECOND\BasePage.cs:line 142&#xD;
   at UIUXSECOND.OnboardPage.onboardp() in C:\Users\Imran\source\repos\UIUXSECOND\UIUXSECOND\UIUX Project\Onboarding\OnboardPage.cs:line 57&#xD;
   at UIUXSECOND.OnboardTC.onboardtc() in C:\Users\Imran\source\repos\UIUXSECOND\UIUXSECOND\UIUX Project\Onboarding\OnboardTC.cs:line 69&#xD;
</StackTrace>
        </ErrorInfo>
      </Output>
    </UnitTestResult>
    <UnitTestResult executionId="923b1c7e-f2fc-4ff5-96db-70328c2442cb" testId="9f749d8a-f6a0-0164-0888-c5894a88447d" testName="TestMethod1" computerName="IMRANAHSAN" duration="00:00:00.0001015" startTime="2024-08-29T20:05:04.0683349+05:00" endTime="2024-08-29T20:05:04.0693324+05:00" testType="13cdc9d9-ddb5-4fa4-a97d-d965ccfc6d4b" outcome="Passed" testListId="8c84fa94-04c1-424b-9868-57a2d4851a1d" relativeResultsDirectory="923b1c7e-f2fc-4ff5-96db-70328c2442cb" />
    <UnitTestResult executionId="30ce82d7-d1be-4fb5-ae61-ce5c36b8f029" testId="4c75769c-18e1-6d18-8322-fbdf1a5d6552" testName="reportin3 (Data Row 0)" computerName="IMRANAHSAN" duration="00:01:09.7307840" startTime="2024-08-29T20:03:54.3359635+05:00" endTime="2024-08-29T20:05:04.0683349+05:00" testType="13cdc9d9-ddb5-4fa4-a97d-d965ccfc6d4b" outcome="Passed" testListId="8c84fa94-04c1-424b-9868-57a2d4851a1d" relativeResultsDirectory="30ce82d7-d1be-4fb5-ae61-ce5c36b8f029" />
    <UnitTestResult executionId="f74cff76-ac7a-4b34-a40f-9c918c153c0a" testId="964edce2-0bea-8622-4409-7b21a022c8f6" testName="login3 (Data Row 0)" computerName="IMRANAHSAN" duration="00:00:13.2411482" startTime="2024-08-29T20:03:19.6174789+05:00" endTime="2024-08-29T20:03:33.3029390+05:00" testType="13cdc9d9-ddb5-4fa4-a97d-d965ccfc6d4b" outcome="Passed" testListId="8c84fa94-04c1-424b-9868-57a2d4851a1d" relativeResultsDirectory="f74cff76-ac7a-4b34-a40f-9c918c153c0a" />
  </Results>
  <TestDefinitions>
    <UnitTest name="login3" storage="c:\users\imran\source\repos\uiuxsecond\uiuxsecond\bin\debug\uiuxsecond.dll" id="964edce2-0bea-8622-4409-7b21a022c8f6">
      <Execution id="f74cff76-ac7a-4b34-a40f-9c918c153c0a" />
      <TestMethod codeBase="C:\Users\Imran\source\repos\UIUXSECOND\UIUXSECOND\bin\Debug\UIUXSECOND.dll" adapterTypeName="executor://mstestadapter/v2" className="UIUXSECOND.LoginTC" name="login3" />
    </UnitTest>
    <UnitTest name="TestMethod1" storage="c:\users\imran\source\repos\uiuxsecond\uiuxsecond\bin\debug\uiuxsecond.dll" id="9f749d8a-f6a0-0164-0888-c5894a88447d">
      <Execution id="923b1c7e-f2fc-4ff5-96db-70328c2442cb" />
      <TestMethod codeBase="C:\Users\Imran\source\repos\UIUXSECOND\UIUXSECOND\bin\Debug\UIUXSECOND.dll" adapterTypeName="executor://mstestadapter/v2" className="UIUXSECOND.UnitTest1" name="TestMethod1" />
    </UnitTest>
    <UnitTest name="reportin3" storage="c:\users\imran\source\repos\uiuxsecond\uiuxsecond\bin\debug\uiuxsecond.dll" id="4c75769c-18e1-6d18-8322-fbdf1a5d6552">
      <Execution id="30ce82d7-d1be-4fb5-ae61-ce5c36b8f029" />
      <TestMethod codeBase="C:\Users\Imran\source\repos\UIUXSECOND\UIUXSECOND\bin\Debug\UIUXSECOND.dll" adapterTypeName="executor://mstestadapter/v2" className="UIUXSECOND.ReportTC" name="reportin3" />
    </UnitTest>
    <UnitTest name="onboardtc" storage="c:\users\imran\source\repos\uiuxsecond\uiuxsecond\bin\debug\uiuxsecond.dll" id="d4600ac9-842d-3d52-35d3-b12022929d2b">
      <Execution id="9c821f17-e6c2-4fc5-938b-e1f8b31464a7" />
      <TestMethod codeBase="C:\Users\Imran\source\repos\UIUXSECOND\UIUXSECOND\bin\Debug\UIUXSECOND.dll" adapterTypeName="executor://mstestadapter/v2" className="UIUXSECOND.OnboardTC" name="onboardtc" />
    </UnitTest>
  </TestDefinitions>
  <TestEntries>
    <TestEntry testId="d4600ac9-842d-3d52-35d3-b12022929d2b" executionId="9c821f17-e6c2-4fc5-938b-e1f8b31464a7" testListId="8c84fa94-04c1-424b-9868-57a2d4851a1d" />
    <TestEntry testId="9f749d8a-f6a0-0164-0888-c5894a88447d" executionId="923b1c7e-f2fc-4ff5-96db-70328c2442cb" testListId="8c84fa94-04c1-424b-9868-57a2d4851a1d" />
    <TestEntry testId="4c75769c-18e1-6d18-8322-fbdf1a5d6552" executionId="30ce82d7-d1be-4fb5-ae61-ce5c36b8f029" testListId="8c84fa94-04c1-424b-9868-57a2d4851a1d" />
    <TestEntry testId="964edce2-0bea-8622-4409-7b21a022c8f6" executionId="f74cff76-ac7a-4b34-a40f-9c918c153c0a" testListId="8c84fa94-04c1-424b-9868-57a2d4851a1d" />
  </TestEntries>
  <TestLists>
    <TestList name="Results Not in a List" id="8c84fa94-04c1-424b-9868-57a2d4851a1d" />
    <TestList name="All Loaded Results" id="19431567-8539-422a-85d7-44ee4e166bda" />
  </TestLists>
  <ResultSummary outcome="Failed">
    <Counters total="4" executed="4" passed="3" failed="1" error="0" timeout="0" aborted="0" inconclusive="0" passedButRunAborted="0" notRunnable="0" notExecuted="0" disconnected="0" warning="0" completed="0" inProgress="0" pending="0" />
  </ResultSummary>
</TestRun>