<?xml version="1.0" encoding="utf-8"?>
<TestRun id="54abfa1a-0c43-4b72-b957-a0e1b660dc5c" name="ImranAhsan@LAPTOP-IMRAN 2023-02-10 20:07:09" runUser="LAPTOP-IMRAN\ImranAhsan" xmlns="http://microsoft.com/schemas/VisualStudio/TeamTest/2010">
  <Times creation="2023-02-10T20:07:09.9560744+05:00" queuing="2023-02-10T20:07:09.9560744+05:00" start="2023-02-10T20:06:55.5973597+05:00" finish="2023-02-10T20:08:00.3265793+05:00" />
  <TestSettings name="default" id="1c992218-1586-4fec-b66f-0c67430f4ed5">
    <Deployment runDeploymentRoot="ImranAhsan_LAPTOP-IMRAN_2023-02-10_20_07_09" />
  </TestSettings>
  <Results>
    <UnitTestResult executionId="eb597c10-08db-44bd-bab0-4005afccffcb" testId="b6b7b651-97b3-45a2-98d9-94a2bbc44b34" testName="TestMethod1" computerName="LAPTOP-IMRAN" duration="00:00:00.0000717" startTime="2023-02-10T20:07:56.5367137+05:00" endTime="2023-02-10T20:07:56.5377130+05:00" testType="13cdc9d9-ddb5-4fa4-a97d-d965ccfc6d4b" outcome="Passed" testListId="8c84fa94-04c1-424b-9868-57a2d4851a1d" relativeResultsDirectory="eb597c10-08db-44bd-bab0-4005afccffcb" />
    <UnitTestResult executionId="9e7867a5-137a-4063-8088-e39f162b0bef" testId="4ccc2fef-852c-4412-9080-e9ff90f64bb2" testName="login3 (Data Row 0)" computerName="LAPTOP-IMRAN" duration="00:00:11.9699735" startTime="2023-02-10T20:06:57.0823442+05:00" endTime="2023-02-10T20:07:09.9143032+05:00" testType="13cdc9d9-ddb5-4fa4-a97d-d965ccfc6d4b" outcome="Passed" testListId="8c84fa94-04c1-424b-9868-57a2d4851a1d" relativeResultsDirectory="9e7867a5-137a-4063-8088-e39f162b0bef" />
    <UnitTestResult executionId="6360b10e-b514-4b25-80bf-474b058d2ef8" testId="b529fd18-91f5-478b-86be-5b3f955f1bb9" testName="onboardtc (Data Row 0)" computerName="LAPTOP-IMRAN" duration="00:00:25.2876981" startTime="2023-02-10T20:07:09.9303032+05:00" endTime="2023-02-10T20:07:35.2191018+05:00" testType="13cdc9d9-ddb5-4fa4-a97d-d965ccfc6d4b" outcome="Passed" testListId="8c84fa94-04c1-424b-9868-57a2d4851a1d" relativeResultsDirectory="6360b10e-b514-4b25-80bf-474b058d2ef8" />
    <UnitTestResult executionId="8821c53f-2edb-43f2-80ae-e4eea5dcfaaf" testId="eee49d43-310b-4c50-9165-942eb0144a50" testName="reportin3 (Data Row 0)" computerName="LAPTOP-IMRAN" duration="00:00:21.3157112" startTime="2023-02-10T20:07:35.2191018+05:00" endTime="2023-02-10T20:07:56.5367137+05:00" testType="13cdc9d9-ddb5-4fa4-a97d-d965ccfc6d4b" outcome="Passed" testListId="8c84fa94-04c1-424b-9868-57a2d4851a1d" relativeResultsDirectory="8821c53f-2edb-43f2-80ae-e4eea5dcfaaf" />
  </Results>
  <TestDefinitions>
    <UnitTest name="onboardtc (Data Row 0)" storage="c:\users\imranahsan\source\repos\uiuxsecond\uiuxsecond\bin\debug\uiuxsecond.dll" id="b529fd18-91f5-478b-86be-5b3f955f1bb9">
      <Execution id="6360b10e-b514-4b25-80bf-474b058d2ef8" />
      <TestMethod codeBase="C:\Users\ImranAhsan\source\repos\UIUXSECOND\UIUXSECOND\bin\Debug\UIUXSECOND.dll" adapterTypeName="executor://mstestadapter/v2" className="UIUXSECOND.OnboardTC" name="onboardtc" />
    </UnitTest>
    <UnitTest name="login3 (Data Row 0)" storage="c:\users\imranahsan\source\repos\uiuxsecond\uiuxsecond\bin\debug\uiuxsecond.dll" id="4ccc2fef-852c-4412-9080-e9ff90f64bb2">
      <Execution id="9e7867a5-137a-4063-8088-e39f162b0bef" />
      <TestMethod codeBase="C:\Users\ImranAhsan\source\repos\UIUXSECOND\UIUXSECOND\bin\Debug\UIUXSECOND.dll" adapterTypeName="executor://mstestadapter/v2" className="UIUXSECOND.LoginTC" name="login3" />
    </UnitTest>
    <UnitTest name="reportin3 (Data Row 0)" storage="c:\users\imranahsan\source\repos\uiuxsecond\uiuxsecond\bin\debug\uiuxsecond.dll" id="eee49d43-310b-4c50-9165-942eb0144a50">
      <Execution id="8821c53f-2edb-43f2-80ae-e4eea5dcfaaf" />
      <TestMethod codeBase="C:\Users\ImranAhsan\source\repos\UIUXSECOND\UIUXSECOND\bin\Debug\UIUXSECOND.dll" adapterTypeName="executor://mstestadapter/v2" className="UIUXSECOND.ReportTC" name="reportin3" />
    </UnitTest>
    <UnitTest name="TestMethod1" storage="c:\users\imranahsan\source\repos\uiuxsecond\uiuxsecond\bin\debug\uiuxsecond.dll" id="b6b7b651-97b3-45a2-98d9-94a2bbc44b34">
      <Execution id="eb597c10-08db-44bd-bab0-4005afccffcb" />
      <TestMethod codeBase="C:\Users\ImranAhsan\source\repos\UIUXSECOND\UIUXSECOND\bin\Debug\UIUXSECOND.dll" adapterTypeName="executor://mstestadapter/v2" className="UIUXSECOND.UnitTest1" name="TestMethod1" />
    </UnitTest>
  </TestDefinitions>
  <TestEntries>
    <TestEntry testId="b6b7b651-97b3-45a2-98d9-94a2bbc44b34" executionId="eb597c10-08db-44bd-bab0-4005afccffcb" testListId="8c84fa94-04c1-424b-9868-57a2d4851a1d" />
    <TestEntry testId="4ccc2fef-852c-4412-9080-e9ff90f64bb2" executionId="9e7867a5-137a-4063-8088-e39f162b0bef" testListId="8c84fa94-04c1-424b-9868-57a2d4851a1d" />
    <TestEntry testId="b529fd18-91f5-478b-86be-5b3f955f1bb9" executionId="6360b10e-b514-4b25-80bf-474b058d2ef8" testListId="8c84fa94-04c1-424b-9868-57a2d4851a1d" />
    <TestEntry testId="eee49d43-310b-4c50-9165-942eb0144a50" executionId="8821c53f-2edb-43f2-80ae-e4eea5dcfaaf" testListId="8c84fa94-04c1-424b-9868-57a2d4851a1d" />
  </TestEntries>
  <TestLists>
    <TestList name="Results Not in a List" id="8c84fa94-04c1-424b-9868-57a2d4851a1d" />
    <TestList name="All Loaded Results" id="19431567-8539-422a-85d7-44ee4e166bda" />
  </TestLists>
  <ResultSummary outcome="Completed">
    <Counters total="4" executed="4" passed="4" failed="0" error="0" timeout="0" aborted="0" inconclusive="0" passedButRunAborted="0" notRunnable="0" notExecuted="0" disconnected="0" warning="0" completed="0" inProgress="0" pending="0" />
  </ResultSummary>
</TestRun>