<?xml version="1.0" encoding="utf-8"?>
<TestRun id="286a8d08-de31-4ef3-9cef-e892e6cdad55" name="Imran@IMRANAHSAN 2023-09-08 04:22:50" runUser="IMRANAHSAN\Imran" xmlns="http://microsoft.com/schemas/VisualStudio/TeamTest/2010">
  <Times creation="2023-09-08T04:22:50.1855061-07:00" queuing="2023-09-08T04:22:50.1855061-07:00" start="2023-09-08T04:21:28.1557158-07:00" finish="2023-09-08T04:25:25.1822327-07:00" />
  <TestSettings name="default" id="04649fb7-9fc5-4af5-b78f-55027906e41c">
    <Deployment runDeploymentRoot="Imran_IMRANAHSAN_2023-09-08_04_22_50" />
  </TestSettings>
  <Results>
    <UnitTestResult executionId="627f80cc-ffac-4bc8-85b1-9f972ef66bf3" testId="4c75769c-18e1-6d18-8322-fbdf1a5d6552" testName="reportin3 (Data Row 0)" computerName="IMRANAHSAN" duration="00:01:49.3546086" startTime="2023-09-08T04:23:28.7018848-07:00" endTime="2023-09-08T04:25:18.0593233-07:00" testType="13cdc9d9-ddb5-4fa4-a97d-d965ccfc6d4b" outcome="Passed" testListId="8c84fa94-04c1-424b-9868-57a2d4851a1d" relativeResultsDirectory="627f80cc-ffac-4bc8-85b1-9f972ef66bf3" />
    <UnitTestResult executionId="eb21fa5c-5431-4715-9780-fb27f8e9a723" testId="9f749d8a-f6a0-0164-0888-c5894a88447d" testName="TestMethod1" computerName="IMRANAHSAN" duration="00:00:00.0001069" startTime="2023-09-08T04:25:18.0593233-07:00" endTime="2023-09-08T04:25:18.0603171-07:00" testType="13cdc9d9-ddb5-4fa4-a97d-d965ccfc6d4b" outcome="Passed" testListId="8c84fa94-04c1-424b-9868-57a2d4851a1d" relativeResultsDirectory="eb21fa5c-5431-4715-9780-fb27f8e9a723" />
    <UnitTestResult executionId="711e30b9-2e98-44f1-8e18-21f6f708a8fc" testId="964edce2-0bea-8622-4409-7b21a022c8f6" testName="login3 (Data Row 0)" computerName="IMRANAHSAN" duration="00:00:25.9198060" startTime="2023-09-08T04:21:28.8158482-07:00" endTime="2023-09-08T04:22:50.1628182-07:00" testType="13cdc9d9-ddb5-4fa4-a97d-d965ccfc6d4b" outcome="Passed" testListId="8c84fa94-04c1-424b-9868-57a2d4851a1d" relativeResultsDirectory="711e30b9-2e98-44f1-8e18-21f6f708a8fc" />
    <UnitTestResult executionId="47242cf0-eabb-4499-a12f-d07cc15e22e9" testId="964edce2-0bea-8622-4409-7b21a022c8f6" testName="login3 (Data Row 1)" computerName="IMRANAHSAN" duration="00:00:54.8710342" startTime="2023-09-08T04:21:28.8158482-07:00" endTime="2023-09-08T04:22:50.1628182-07:00" testType="13cdc9d9-ddb5-4fa4-a97d-d965ccfc6d4b" outcome="Passed" testListId="8c84fa94-04c1-424b-9868-57a2d4851a1d" relativeResultsDirectory="47242cf0-eabb-4499-a12f-d07cc15e22e9" />
    <UnitTestResult executionId="6b95d85d-519d-4211-ada8-47041dd5ae96" testId="d4600ac9-842d-3d52-35d3-b12022929d2b" testName="onboardtc (Data Row 0)" computerName="IMRANAHSAN" duration="00:00:38.5195039" startTime="2023-09-08T04:22:50.1803452-07:00" endTime="2023-09-08T04:23:28.7018848-07:00" testType="13cdc9d9-ddb5-4fa4-a97d-d965ccfc6d4b" outcome="Passed" testListId="8c84fa94-04c1-424b-9868-57a2d4851a1d" relativeResultsDirectory="6b95d85d-519d-4211-ada8-47041dd5ae96" />
  </Results>
  <TestDefinitions>
    <UnitTest name="login3" storage="c:\users\imran\source\repos\uiuxsecond\uiuxsecond\bin\debug\uiuxsecond.dll" id="964edce2-0bea-8622-4409-7b21a022c8f6">
      <Execution id="711e30b9-2e98-44f1-8e18-21f6f708a8fc" />
      <TestMethod codeBase="C:\Users\Imran\source\repos\UIUXSECOND\UIUXSECOND\bin\Debug\UIUXSECOND.dll" adapterTypeName="executor://mstestadapter/v2" className="UIUXSECOND.LoginTC" name="login3" />
    </UnitTest>
    <UnitTest name="TestMethod1" storage="c:\users\imran\source\repos\uiuxsecond\uiuxsecond\bin\debug\uiuxsecond.dll" id="9f749d8a-f6a0-0164-0888-c5894a88447d">
      <Execution id="eb21fa5c-5431-4715-9780-fb27f8e9a723" />
      <TestMethod codeBase="C:\Users\Imran\source\repos\UIUXSECOND\UIUXSECOND\bin\Debug\UIUXSECOND.dll" adapterTypeName="executor://mstestadapter/v2" className="UIUXSECOND.UnitTest1" name="TestMethod1" />
    </UnitTest>
    <UnitTest name="reportin3" storage="c:\users\imran\source\repos\uiuxsecond\uiuxsecond\bin\debug\uiuxsecond.dll" id="4c75769c-18e1-6d18-8322-fbdf1a5d6552">
      <Execution id="627f80cc-ffac-4bc8-85b1-9f972ef66bf3" />
      <TestMethod codeBase="C:\Users\Imran\source\repos\UIUXSECOND\UIUXSECOND\bin\Debug\UIUXSECOND.dll" adapterTypeName="executor://mstestadapter/v2" className="UIUXSECOND.ReportTC" name="reportin3" />
    </UnitTest>
    <UnitTest name="onboardtc" storage="c:\users\imran\source\repos\uiuxsecond\uiuxsecond\bin\debug\uiuxsecond.dll" id="d4600ac9-842d-3d52-35d3-b12022929d2b">
      <Execution id="6b95d85d-519d-4211-ada8-47041dd5ae96" />
      <TestMethod codeBase="C:\Users\Imran\source\repos\UIUXSECOND\UIUXSECOND\bin\Debug\UIUXSECOND.dll" adapterTypeName="executor://mstestadapter/v2" className="UIUXSECOND.OnboardTC" name="onboardtc" />
    </UnitTest>
  </TestDefinitions>
  <TestEntries>
    <TestEntry testId="4c75769c-18e1-6d18-8322-fbdf1a5d6552" executionId="627f80cc-ffac-4bc8-85b1-9f972ef66bf3" testListId="8c84fa94-04c1-424b-9868-57a2d4851a1d" />
    <TestEntry testId="9f749d8a-f6a0-0164-0888-c5894a88447d" executionId="eb21fa5c-5431-4715-9780-fb27f8e9a723" testListId="8c84fa94-04c1-424b-9868-57a2d4851a1d" />
    <TestEntry testId="964edce2-0bea-8622-4409-7b21a022c8f6" executionId="711e30b9-2e98-44f1-8e18-21f6f708a8fc" testListId="8c84fa94-04c1-424b-9868-57a2d4851a1d" />
    <TestEntry testId="964edce2-0bea-8622-4409-7b21a022c8f6" executionId="47242cf0-eabb-4499-a12f-d07cc15e22e9" testListId="8c84fa94-04c1-424b-9868-57a2d4851a1d" />
    <TestEntry testId="d4600ac9-842d-3d52-35d3-b12022929d2b" executionId="6b95d85d-519d-4211-ada8-47041dd5ae96" testListId="8c84fa94-04c1-424b-9868-57a2d4851a1d" />
  </TestEntries>
  <TestLists>
    <TestList name="Results Not in a List" id="8c84fa94-04c1-424b-9868-57a2d4851a1d" />
    <TestList name="All Loaded Results" id="19431567-8539-422a-85d7-44ee4e166bda" />
  </TestLists>
  <ResultSummary outcome="Completed">
    <Counters total="5" executed="5" passed="5" failed="0" error="0" timeout="0" aborted="0" inconclusive="0" passedButRunAborted="0" notRunnable="0" notExecuted="0" disconnected="0" warning="0" completed="0" inProgress="0" pending="0" />
  </ResultSummary>
</TestRun>